2018-08-09 22:16:33,534   [email_send:send_register_email] [DEBUG]- 1
2018-08-10 13:51:57,909 django_debug_error 42  [DEBUG]  1
2018-08-10 14:06:22,321 django_debug_error 42  [DEBUG]  1

2018-08-10 14:17:19,884 django_debug_error 42  [DEBUG]  1
2018-08-10 14:19:25,788 django_debug_error 32  [ERROR]  UserProfile matching query does not exist.
2018-08-10 14:52:04,127 django_debug_error 34  [ERROR]  UserProfile matching query does not exist.
2018-08-10 14:52:32,757 django_debug_error 34  [ERROR]  UserProfile matching query does not exist.
2018-08-10 15:12:57,190 django_debug_error 33  [ERROR]  yinhuan@qq.com UserProfile matching query does not exist.
2018-08-10 15:14:52,476 django_debug_error 33  [ERROR]  username=sdfasdf@asdfasdf message=UserProfile matching query does not exist.
2018-08-10 15:16:07,957 django_debug_error 34  [ERROR]  username=asdfasdf@asdfasdfasfd 
message=UserProfile matching query does not exist.
2018-08-10 15:17:46,791 django_debug_error 34  [ERROR]  username=yinhuanyi@sadfsadf 
	*14message=UserProfile matching query does not exist.
2018-08-10 15:18:47,613 django_debug_error 34  [ERROR]  username=yinasdfasd@asfdasdfas 
														14message=UserProfile matching query does not exist.
2018-08-10 16:48:21,570 django_debug_error 51  [DEBUG]  1
2018-08-10 17:08:03,481 django_debug_error 51  [DEBUG]  1
2018-08-11 02:26:29,849 django_debug_error 54  [DEBUG]  1
2018-08-11 02:47:32,645 django_debug_error 54  [DEBUG]  1
2018-08-11 02:48:34,126 django_debug_error 54  [DEBUG]  1
2018-08-12 05:35:42,417 django_debug_error 40  [ERROR]  Reverse for 'register' with arguments '()' and keyword arguments '{}' not found. 0 pattern(s) tried: []
2018-08-12 05:46:36,131 django_debug_error 40  [ERROR]  Reverse for 'register' with arguments '()' and keyword arguments '{}' not found. 0 pattern(s) tried: []
2018-08-12 05:48:01,251 django_debug_error 40  [ERROR]  Reverse for 'register' with arguments '()' and keyword arguments '{}' not found. 0 pattern(s) tried: []
2018-08-12 05:48:02,810 django_debug_error 40  [ERROR]  Reverse for 'register' with arguments '()' and keyword arguments '{}' not found. 0 pattern(s) tried: []
2018-08-12 05:48:32,827 django_debug_error 40  [ERROR]  Reverse for 'register' with arguments '()' and keyword arguments '{}' not found. 0 pattern(s) tried: []
2018-08-12 05:48:33,577 django_debug_error 40  [ERROR]  Reverse for 'register' with arguments '()' and keyword arguments '{}' not found. 0 pattern(s) tried: []
2018-08-12 06:19:23,397 django_debug_error 40  [ERROR]  Reverse for 'user_info' with arguments '()' and keyword arguments '{}' not found. 0 pattern(s) tried: []
2018-08-12 06:25:58,392 django_debug_error 39  [ERROR]  Reverse for 'user_info' with arguments '()' and keyword arguments '{}' not found. 0 pattern(s) tried: []
2018-08-12 06:26:00,931 django_debug_error 39  [ERROR]  Reverse for 'user_info' with arguments '()' and keyword arguments '{}' not found. 0 pattern(s) tried: []
2018-08-12 06:26:02,855 django_debug_error 39  [ERROR]  Reverse for 'user_info' with arguments '()' and keyword arguments '{}' not found. 0 pattern(s) tried: []
2018-08-12 06:26:07,225 django_debug_error 39  [ERROR]  Reverse for 'user_info' with arguments '()' and keyword arguments '{}' not found. 0 pattern(s) tried: []
2018-08-12 06:27:48,907 django_debug_error 39  [ERROR]  Reverse for 'user_info' with arguments '()' and keyword arguments '{}' not found. 0 pattern(s) tried: []
2018-08-12 07:11:20,600 django_debug_error 42  [DEBUG]  1
2018-08-12 07:12:28,519 django_debug_error 29  [ERROR]  username=yinhuanyi@gmail.com message=UserProfile matching query does not exist.
2018-08-12 07:15:39,580 django_debug_error 29  [ERROR]  username=yinhuanyi@gmail.com message=UserProfile matching query does not exist.
2018-08-12 07:17:29,676 django_debug_error 42  [DEBUG]  1
2018-08-12 07:29:10,147 django_debug_error 42  [DEBUG]  1
2018-08-12 07:32:25,535 django_debug_error 54  [DEBUG]  1
2018-08-12 07:50:23,758 django_debug_error 54  [DEBUG]  1
2018-08-13 08:09:17,536 django_debug_error 40  [ERROR]  Empty variable tag on line 34
2018-08-13 08:10:08,845 django_debug_error 40  [ERROR]  Empty variable tag on line 34
2018-08-13 08:10:09,189 django_debug_error 40  [ERROR]  Empty variable tag on line 34
2018-08-13 08:18:48,575 django_debug_error 40  [ERROR]  Empty variable tag on line 34
2018-08-26 21:24:29,436 django_debug_error 66  [DEBUG]  1
2018-08-26 21:28:47,834 django_debug_error 66  [DEBUG]  1
2018-08-26 21:42:17,418 django_debug_error 66  [DEBUG]  1
